# JRE version: Java(TM) SE Runtime Environment (8.0_45-b15) (build 1.8.0_45-b15)
# Java VM: Java HotSpot(TM) 64-Bit Server VM (25.45-b02 mixed mode windows-amd64 compressed oops)
Heap:
 PSYoungGen      total 97792K, used 10228K [0x00000000eab00000, 0x00000000f3280000, 0x0000000100000000)
  eden space 87552K, 0% used [0x00000000eab00000,0x00000000eab00000,0x00000000f0080000)
  from space 10240K, 99% used [0x00000000f0080000,0x00000000f0a7d030,0x00000000f0a80000)
  to   space 14848K, 0% used [0x00000000f2400000,0x00000000f2400000,0x00000000f3280000)
 ParOldGen       total 40448K, used 20489K [0x00000000c0000000, 0x00000000c2780000, 0x00000000eab00000)
  object space 40448K, 50% used [0x00000000c0000000,0x00000000c1402770,0x00000000c2780000)
 Metaspace       used 34592K, capacity 35470K, committed 35496K, reserved 1079296K
  class space    used 4740K, capacity 5120K, committed 5120K, reserved 1048576K
GC Heap History (10 events):
Event: 5.253 GC heap after
Heap after GC invocations=6 (full 0):
 PSYoungGen      total 71168K, used 5634K [0x00000000eab00000, 0x00000000ef800000, 0x0000000100000000)
  eden space 63488K, 0% used [0x00000000eab00000,0x00000000eab00000,0x00000000ee900000)
  from space 7680K, 73% used [0x00000000ef080000,0x00000000ef600990,0x00000000ef800000)
  to   space 7680K, 0% used [0x00000000ee900000,0x00000000ee900000,0x00000000ef080000)
 ParOldGen       total 42496K, used 10658K [0x00000000c0000000, 0x00000000c2980000, 0x00000000eab00000)
  object space 42496K, 25% used [0x00000000c0000000,0x00000000c0a68838,0x00000000c2980000)
 Metaspace       used 20666K, capacity 21132K, committed 21296K, reserved 1067008K
  class space    used 2753K, capacity 2940K, committed 2944K, reserved 1048576K
}
Event: 5.253 GC heap before
{Heap before GC invocations=7 (full 1):
 PSYoungGen      total 71168K, used 5634K [0x00000000eab00000, 0x00000000ef800000, 0x0000000100000000)
  eden space 63488K, 0% used [0x00000000eab00000,0x00000000eab00000,0x00000000ee900000)
  from space 7680K, 73% used [0x00000000ef080000,0x00000000ef600990,0x00000000ef800000)
  to   space 7680K, 0% used [0x00000000ee900000,0x00000000ee900000,0x00000000ef080000)
 ParOldGen       total 42496K, used 10658K [0x00000000c0000000, 0x00000000c2980000, 0x00000000eab00000)
  object space 42496K, 25% used [0x00000000c0000000,0x00000000c0a68838,0x00000000c2980000)
 Metaspace       used 20666K, capacity 21132K, committed 21296K, reserved 1067008K
  class space    used 2753K, capacity 2940K, committed 2944K, reserved 1048576K
Event: 5.438 GC heap after
Heap after GC invocations=7 (full 1):
 PSYoungGen      total 71168K, used 0K [0x00000000eab00000, 0x00000000ef800000, 0x0000000100000000)
  eden space 63488K, 0% used [0x00000000eab00000,0x00000000eab00000,0x00000000ee900000)
  from space 7680K, 0% used [0x00000000ef080000,0x00000000ef080000,0x00000000ef800000)
  to   space 7680K, 0% used [0x00000000ee900000,0x00000000ee900000,0x00000000ef080000)
 ParOldGen       total 40448K, used 10994K [0x00000000c0000000, 0x00000000c2780000, 0x00000000eab00000)
  object space 40448K, 27% used [0x00000000c0000000,0x00000000c0abc9b0,0x00000000c2780000)
 Metaspace       used 20666K, capacity 21132K, committed 21296K, reserved 1067008K
  class space    used 2753K, capacity 2940K, committed 2944K, reserved 1048576K
}
Event: 8.018 GC heap before
{Heap before GC invocations=8 (full 1):
 PSYoungGen      total 71168K, used 63488K [0x00000000eab00000, 0x00000000ef800000, 0x0000000100000000)
  eden space 63488K, 100% used [0x00000000eab00000,0x00000000ee900000,0x00000000ee900000)
  from space 7680K, 0% used [0x00000000ef080000,0x00000000ef080000,0x00000000ef800000)
  to   space 7680K, 0% used [0x00000000ee900000,0x00000000ee900000,0x00000000ef080000)
 ParOldGen       total 40448K, used 10994K [0x00000000c0000000, 0x00000000c2780000, 0x00000000eab00000)
  object space 40448K, 27% used [0x00000000c0000000,0x00000000c0abc9b0,0x00000000c2780000)
 Metaspace       used 25380K, capacity 26012K, committed 26240K, reserved 1071104K
  class space    used 3400K, capacity 3636K, committed 3712K, reserved 1048576K
Event: 8.034 GC heap after
Heap after GC invocations=8 (full 1):
 PSYoungGen      total 71168K, used 6629K [0x00000000eab00000, 0x00000000f1280000, 0x0000000100000000)
  eden space 63488K, 0% used [0x00000000eab00000,0x00000000eab00000,0x00000000ee900000)
  from space 7680K, 86% used [0x00000000ee900000,0x00000000eef796d0,0x00000000ef080000)
  to   space 8192K, 0% used [0x00000000f0a80000,0x00000000f0a80000,0x00000000f1280000)
 ParOldGen       total 40448K, used 11002K [0x00000000c0000000, 0x00000000c2780000, 0x00000000eab00000)
  object space 40448K, 27% used [0x00000000c0000000,0x00000000c0abe9b0,0x00000000c2780000)
 Metaspace       used 25380K, capacity 26012K, committed 26240K, reserved 1071104K
  class space    used 3400K, capacity 3636K, committed 3712K, reserved 1048576K
}
Event: 10.064 GC heap before
{Heap before GC invocations=9 (full 1):
 PSYoungGen      total 71168K, used 70117K [0x00000000eab00000, 0x00000000f1280000, 0x0000000100000000)
  eden space 63488K, 100% used [0x00000000eab00000,0x00000000ee900000,0x00000000ee900000)
  from space 7680K, 86% used [0x00000000ee900000,0x00000000eef796d0,0x00000000ef080000)
  to   space 8192K, 0% used [0x00000000f0a80000,0x00000000f0a80000,0x00000000f1280000)
 ParOldGen       total 40448K, used 11002K [0x00000000c0000000, 0x00000000c2780000, 0x00000000eab00000)
  object space 40448K, 27% used [0x00000000c0000000,0x00000000c0abe9b0,0x00000000c2780000)
 Metaspace       used 29572K, capacity 30362K, committed 30464K, reserved 1075200K
  class space    used 3981K, capacity 4273K, committed 4352K, reserved 1048576K
Event: 10.099 GC heap after
Heap after GC invocations=9 (full 1):
 PSYoungGen      total 95744K, used 8174K [0x00000000eab00000, 0x00000000f1500000, 0x0000000100000000)
  eden space 87552K, 0% used [0x00000000eab00000,0x00000000eab00000,0x00000000f0080000)
  from space 8192K, 99% used [0x00000000f0a80000,0x00000000f127b8e8,0x00000000f1280000)
  to   space 10240K, 0% used [0x00000000f0080000,0x00000000f0080000,0x00000000f0a80000)
 ParOldGen       total 40448K, used 12657K [0x00000000c0000000, 0x00000000c2780000, 0x00000000eab00000)
  object space 40448K, 31% used [0x00000000c0000000,0x00000000c0c5c6a0,0x00000000c2780000)
 Metaspace       used 29572K, capacity 30362K, committed 30464K, reserved 1075200K
  class space    used 3981K, capacity 4273K, committed 4352K, reserved 1048576K
}
Event: 11.705 GC heap before
{Heap before GC invocations=10 (full 1):
 PSYoungGen      total 95744K, used 79829K [0x00000000eab00000, 0x00000000f1500000, 0x0000000100000000)
  eden space 87552K, 81% used [0x00000000eab00000,0x00000000ef0f9dd0,0x00000000f0080000)
  from space 8192K, 99% used [0x00000000f0a80000,0x00000000f127b8e8,0x00000000f1280000)
  to   space 10240K, 0% used [0x00000000f0080000,0x00000000f0080000,0x00000000f0a80000)
 ParOldGen       total 40448K, used 12657K [0x00000000c0000000, 0x00000000c2780000, 0x00000000eab00000)
  object space 40448K, 31% used [0x00000000c0000000,0x00000000c0c5c6a0,0x00000000c2780000)
 Metaspace       used 34592K, capacity 35470K, committed 35496K, reserved 1079296K
  class space    used 4740K, capacity 5120K, committed 5120K, reserved 1048576K
Event: 11.751 GC heap after
Heap after GC invocations=10 (full 1):
 PSYoungGen      total 97792K, used 10228K [0x00000000eab00000, 0x00000000f3280000, 0x0000000100000000)
  eden space 87552K, 0% used [0x00000000eab00000,0x00000000eab00000,0x00000000f0080000)
  from space 10240K, 99% used [0x00000000f0080000,0x00000000f0a7d030,0x00000000f0a80000)
  to   space 14848K, 0% used [0x00000000f2400000,0x00000000f2400000,0x00000000f3280000)
 ParOldGen       total 40448K, used 20489K [0x00000000c0000000, 0x00000000c2780000, 0x00000000eab00000)
  object space 40448K, 50% used [0x00000000c0000000,0x00000000c1402770,0x00000000c2780000)
 Metaspace       used 34592K, capacity 35470K, committed 35496K, reserved 1079296K
  class space    used 4740K, capacity 5120K, committed 5120K, reserved 1048576K
}
Event: 11.752 GC heap before
{Heap before GC invocations=11 (full 2):
 PSYoungGen      total 97792K, used 10228K [0x00000000eab00000, 0x00000000f3280000, 0x0000000100000000)
  eden space 87552K, 0% used [0x00000000eab00000,0x00000000eab00000,0x00000000f0080000)
  from space 10240K, 99% used [0x00000000f0080000,0x00000000f0a7d030,0x00000000f0a80000)
  to   space 14848K, 0% used [0x00000000f2400000,0x00000000f2400000,0x00000000f3280000)
 ParOldGen       total 40448K, used 20489K [0x00000000c0000000, 0x00000000c2780000, 0x00000000eab00000)
  object space 40448K, 50% used [0x00000000c0000000,0x00000000c1402770,0x00000000c2780000)
 Metaspace       used 34592K, capacity 35470K, committed 35496K, reserved 1079296K
  class space    used 4740K, capacity 5120K, committed 5120K, reserved 1048576K

